Info:2019/11/29 21:13:20 db.go:64: sql
Info:2019/11/29 21:13:20 db.go:65: /Users/zhaodeyong/workspace/webroot/go/src/avatarzlreportcenter/models/report/hospitalReportModel.go:52
Info:2019/11/29 21:13:20 db.go:66: 19.788054ms
Info:2019/11/29 21:13:20 db.go:67: SELECT * FROM `erp_org_report`  WHERE (`erp_org_report`.`org_code` = ?) AND (`erp_org_report`.`report_date` = ?)
Info:2019/11/29 21:13:51 db.go:64: sql
Info:2019/11/29 21:13:51 db.go:65: /Users/zhaodeyong/workspace/webroot/go/src/avatarzlreportcenter/models/report/hospitalReportModel.go:52
Info:2019/11/29 21:13:51 db.go:66: 27.699133ms
Info:2019/11/29 21:13:51 db.go:67: SELECT * FROM `erp_org_report`  WHERE (`erp_org_report`.`org_code` = ?) AND (`erp_org_report`.`report_date` = ?)
Info:2019/11/29 21:15:21 db.go:64: sql
Info:2019/11/29 21:15:21 db.go:65: /Users/zhaodeyong/workspace/webroot/go/src/avatarzlreportcenter/models/report/hospitalReportModel.go:52
Info:2019/11/29 21:15:21 db.go:66: 21.973284ms
Info:2019/11/29 21:15:21 db.go:67: SELECT * FROM `erp_org_report`  WHERE (`erp_org_report`.`report_date` = ?) AND (`erp_org_report`.`org_code` = ?)
Info:2019/11/29 21:15:24 db.go:64: sql
Info:2019/11/29 21:15:24 db.go:65: /Users/zhaodeyong/workspace/webroot/go/src/avatarzlreportcenter/models/report/hospitalReportModel.go:52
Info:2019/11/29 21:15:24 db.go:66: 20.580315ms
Info:2019/11/29 21:15:24 db.go:67: SELECT * FROM `erp_org_report`  WHERE (`erp_org_report`.`org_code` = ?) AND (`erp_org_report`.`report_date` = ?)
Info:2019/11/29 21:15:28 db.go:64: sql
Info:2019/11/29 21:15:28 db.go:65: /Users/zhaodeyong/workspace/webroot/go/src/avatarzlreportcenter/models/report/hospitalReportModel.go:52
Info:2019/11/29 21:15:28 db.go:66: 76.681719ms
Info:2019/11/29 21:15:28 db.go:67: SELECT * FROM `erp_org_report`  WHERE (`erp_org_report`.`org_code` = ?) AND (`erp_org_report`.`report_date` = ?)
Info:2019/11/29 21:20:08 db.go:64: sql
Info:2019/11/29 21:20:08 db.go:65: /Users/zhaodeyong/workspace/webroot/go/src/avatarzlreportcenter/models/report/hospitalReportModel.go:52
Info:2019/11/29 21:20:08 db.go:66: 22.318029ms
Info:2019/11/29 21:20:08 db.go:67: SELECT * FROM `erp_org_report`  WHERE (`erp_org_report`.`org_code` = ?) AND (`erp_org_report`.`report_date` = ?)
Info:2019/11/29 21:20:33 db.go:64: sql
Info:2019/11/29 21:20:33 db.go:65: /Users/zhaodeyong/workspace/webroot/go/src/avatarzlreportcenter/models/report/hospitalReportModel.go:52
Info:2019/11/29 21:20:33 db.go:66: 29.861216ms
Info:2019/11/29 21:20:33 db.go:67: SELECT * FROM `erp_org_report`  WHERE (`erp_org_report`.`org_code` = ?) AND (`erp_org_report`.`report_date` = ?)
Info:2019/11/29 21:22:26 db.go:64: sql
Info:2019/11/29 21:22:26 db.go:65: /Users/zhaodeyong/workspace/webroot/go/src/avatarzlreportcenter/models/report/hospitalReportModel.go:52
Info:2019/11/29 21:22:26 db.go:66: 28.757009ms
Info:2019/11/29 21:22:26 db.go:67: SELECT * FROM `erp_org_report`  WHERE (`erp_org_report`.`org_code` = ?) AND (`erp_org_report`.`report_date` = ?)
Info:2019/11/29 21:22:31 db.go:64: sql
Info:2019/11/29 21:22:31 db.go:65: /Users/zhaodeyong/workspace/webroot/go/src/avatarzlreportcenter/models/report/hospitalReportModel.go:52
Info:2019/11/29 21:22:31 db.go:66: 20.1458ms
Info:2019/11/29 21:22:31 db.go:67: SELECT * FROM `erp_org_report`  WHERE (`erp_org_report`.`report_date` = ?) AND (`erp_org_report`.`org_code` = ?)
