Info:2019/12/02 17:07:13 db.go:64: sql
Info:2019/12/02 17:07:13 db.go:65: /Users/zhaodeyong/workspace/webroot/go/src/avatarzlreportcenter/models/report/hospitalReportModel.go:52
Info:2019/12/02 17:07:13 db.go:66: 23.15585ms
Info:2019/12/02 17:07:13 db.go:67: SELECT * FROM `erp_org_report`  WHERE (`erp_org_report`.`org_code` = ?) AND (`erp_org_report`.`report_date` = ?)
Info:2019/12/02 17:07:48 db.go:64: sql
Info:2019/12/02 17:07:48 db.go:65: /Users/zhaodeyong/workspace/webroot/go/src/avatarzlreportcenter/models/report/hospitalReportModel.go:52
Info:2019/12/02 17:07:48 db.go:66: 22.999618ms
Info:2019/12/02 17:07:48 db.go:67: SELECT * FROM `erp_org_report`  WHERE (`erp_org_report`.`org_code` = ?) AND (`erp_org_report`.`report_date` = ?)
Info:2019/12/02 17:07:51 db.go:64: sql
Info:2019/12/02 17:07:51 db.go:65: /Users/zhaodeyong/workspace/webroot/go/src/avatarzlreportcenter/models/report/hospitalReportModel.go:52
Info:2019/12/02 17:07:51 db.go:66: 41.974208ms
Info:2019/12/02 17:07:51 db.go:67: SELECT * FROM `erp_org_report`  WHERE (`erp_org_report`.`org_code` = ?) AND (`erp_org_report`.`report_date` = ?)
Info:2019/12/02 17:07:52 db.go:64: sql
Info:2019/12/02 17:07:52 db.go:65: /Users/zhaodeyong/workspace/webroot/go/src/avatarzlreportcenter/models/report/hospitalReportModel.go:52
Info:2019/12/02 17:07:52 db.go:66: 22.422116ms
Info:2019/12/02 17:07:52 db.go:67: SELECT * FROM `erp_org_report`  WHERE (`erp_org_report`.`org_code` = ?) AND (`erp_org_report`.`report_date` = ?)
Info:2019/12/02 17:09:15 db.go:64: sql
Info:2019/12/02 17:09:15 db.go:65: /Users/zhaodeyong/workspace/webroot/go/src/avatarzlreportcenter/models/report/hospitalReportModel.go:52
Info:2019/12/02 17:09:15 db.go:66: 22.28837ms
Info:2019/12/02 17:09:15 db.go:67: SELECT * FROM `erp_org_report`  WHERE (`erp_org_report`.`org_code` = ?) AND (`erp_org_report`.`report_date` = ?)
Info:2019/12/02 17:09:41 db.go:64: sql
Info:2019/12/02 17:09:41 db.go:65: /Users/zhaodeyong/workspace/webroot/go/src/avatarzlreportcenter/models/report/hospitalReportModel.go:52
Info:2019/12/02 17:09:41 db.go:66: 25.300742ms
Info:2019/12/02 17:09:41 db.go:67: SELECT * FROM `erp_org_report`  WHERE (`erp_org_report`.`report_date` = ?) AND (`erp_org_report`.`org_code` = ?)
Info:2019/12/02 17:13:32 db.go:64: sql
Info:2019/12/02 17:13:32 db.go:65: /Users/zhaodeyong/workspace/webroot/go/src/avatarzlreportcenter/models/report/hospitalReportModel.go:52
Info:2019/12/02 17:13:32 db.go:66: 27.473364ms
Info:2019/12/02 17:13:32 db.go:67: SELECT * FROM `erp_org_report`  WHERE (`erp_org_report`.`org_code` = ?) AND (`erp_org_report`.`report_date` = ?)
Info:2019/12/02 17:13:51 db.go:64: sql
Info:2019/12/02 17:13:51 db.go:65: /Users/zhaodeyong/workspace/webroot/go/src/avatarzlreportcenter/models/report/hospitalReportModel.go:52
Info:2019/12/02 17:13:51 db.go:66: 28.042249ms
Info:2019/12/02 17:13:51 db.go:67: SELECT * FROM `erp_org_report`  WHERE (`erp_org_report`.`org_code` = ?) AND (`erp_org_report`.`report_date` = ?)
Info:2019/12/02 17:13:53 db.go:64: sql
Info:2019/12/02 17:13:53 db.go:65: /Users/zhaodeyong/workspace/webroot/go/src/avatarzlreportcenter/models/report/hospitalReportModel.go:52
Info:2019/12/02 17:13:53 db.go:66: 31.815278ms
Info:2019/12/02 17:13:53 db.go:67: SELECT * FROM `erp_org_report`  WHERE (`erp_org_report`.`org_code` = ?) AND (`erp_org_report`.`report_date` = ?)
Info:2019/12/02 17:14:06 db.go:64: sql
Info:2019/12/02 17:14:06 db.go:65: /Users/zhaodeyong/workspace/webroot/go/src/avatarzlreportcenter/models/report/hospitalReportModel.go:52
Info:2019/12/02 17:14:06 db.go:66: 25.312473ms
Info:2019/12/02 17:14:06 db.go:67: SELECT * FROM `erp_org_report`  WHERE (`erp_org_report`.`org_code` = ?) AND (`erp_org_report`.`report_date` = ?)
Info:2019/12/02 17:14:08 db.go:64: sql
Info:2019/12/02 17:14:08 db.go:65: /Users/zhaodeyong/workspace/webroot/go/src/avatarzlreportcenter/models/report/hospitalReportModel.go:52
Info:2019/12/02 17:14:08 db.go:66: 28.381025ms
Info:2019/12/02 17:14:08 db.go:67: SELECT * FROM `erp_org_report`  WHERE (`erp_org_report`.`org_code` = ?) AND (`erp_org_report`.`report_date` = ?)
Info:2019/12/02 17:14:10 db.go:64: sql
Info:2019/12/02 17:14:10 db.go:65: /Users/zhaodeyong/workspace/webroot/go/src/avatarzlreportcenter/models/report/hospitalReportModel.go:52
Info:2019/12/02 17:14:10 db.go:66: 28.31289ms
Info:2019/12/02 17:14:10 db.go:67: SELECT * FROM `erp_org_report`  WHERE (`erp_org_report`.`org_code` = ?) AND (`erp_org_report`.`report_date` = ?)
Info:2019/12/02 17:14:11 db.go:64: sql
Info:2019/12/02 17:14:11 db.go:65: /Users/zhaodeyong/workspace/webroot/go/src/avatarzlreportcenter/models/report/hospitalReportModel.go:52
Info:2019/12/02 17:14:11 db.go:66: 36.317235ms
Info:2019/12/02 17:14:11 db.go:67: SELECT * FROM `erp_org_report`  WHERE (`erp_org_report`.`org_code` = ?) AND (`erp_org_report`.`report_date` = ?)
Info:2019/12/02 17:16:11 db.go:64: sql
Info:2019/12/02 17:16:11 db.go:65: /Users/zhaodeyong/workspace/webroot/go/src/avatarzlreportcenter/models/report/hospitalReportModel.go:52
Info:2019/12/02 17:16:11 db.go:66: 117.904444ms
Info:2019/12/02 17:16:11 db.go:67: SELECT * FROM `erp_org_report`  WHERE (`erp_org_report`.`report_date` = ?) AND (`erp_org_report`.`org_code` = ?)
Info:2019/12/02 17:16:53 db.go:64: sql
Info:2019/12/02 17:16:53 db.go:65: /Users/zhaodeyong/workspace/webroot/go/src/avatarzlreportcenter/models/report/hospitalReportModel.go:52
Info:2019/12/02 17:16:53 db.go:66: 43.496076ms
Info:2019/12/02 17:16:53 db.go:67: SELECT * FROM `erp_org_report`  WHERE (`erp_org_report`.`org_code` = ?) AND (`erp_org_report`.`report_date` = ?)
Info:2019/12/02 17:17:24 db.go:64: sql
Info:2019/12/02 17:17:24 db.go:65: /Users/zhaodeyong/workspace/webroot/go/src/avatarzlreportcenter/models/report/hospitalReportModel.go:52
Info:2019/12/02 17:17:24 db.go:66: 33.252513ms
Info:2019/12/02 17:17:24 db.go:67: SELECT * FROM `erp_org_report`  WHERE (`erp_org_report`.`org_code` = ?) AND (`erp_org_report`.`report_date` = ?)
Info:2019/12/02 17:27:46 db.go:64: sql
Info:2019/12/02 17:27:46 db.go:65: /Users/zhaodeyong/workspace/webroot/go/src/avatarzlreportcenter/models/report/hospitalReportModel.go:52
Info:2019/12/02 17:27:46 db.go:66: 30.431018ms
Info:2019/12/02 17:27:46 db.go:67: SELECT * FROM `erp_org_report`  WHERE (`erp_org_report`.`org_code` = ?) AND (`erp_org_report`.`report_date` = ?)
Info:2019/12/02 17:34:27 db.go:64: sql
Info:2019/12/02 17:34:27 db.go:65: /Users/zhaodeyong/workspace/webroot/go/src/avatarzlreportcenter/models/report/hospitalReportModel.go:52
Info:2019/12/02 17:34:27 db.go:66: 30.659416ms
Info:2019/12/02 17:34:27 db.go:67: SELECT * FROM `erp_org_report`  WHERE (`erp_org_report`.`org_code` = ?) AND (`erp_org_report`.`report_date` = ?)
