Info:2019/11/30 15:11:51 db.go:64: sql
Info:2019/11/30 15:11:51 db.go:65: /Users/zhaodeyong/workspace/webroot/go/src/avatarzlreportcenter/models/report/hospitalReportModel.go:52
Info:2019/11/30 15:11:51 db.go:66: 24.613212ms
Info:2019/11/30 15:11:51 db.go:67: SELECT * FROM `erp_org_report`  WHERE (`erp_org_report`.`org_code` = ?) AND (`erp_org_report`.`report_date` = ?)
Info:2019/11/30 15:11:52 db.go:64: sql
Info:2019/11/30 15:11:52 db.go:65: /Users/zhaodeyong/workspace/webroot/go/src/avatarzlreportcenter/models/report/hospitalReportModel.go:52
Info:2019/11/30 15:11:52 db.go:66: 20.13994ms
Info:2019/11/30 15:11:52 db.go:67: SELECT * FROM `erp_org_report`  WHERE (`erp_org_report`.`org_code` = ?) AND (`erp_org_report`.`report_date` = ?)
Info:2019/11/30 15:11:53 db.go:64: sql
Info:2019/11/30 15:11:53 db.go:65: /Users/zhaodeyong/workspace/webroot/go/src/avatarzlreportcenter/models/report/hospitalReportModel.go:52
Info:2019/11/30 15:11:53 db.go:66: 19.61681ms
Info:2019/11/30 15:11:53 db.go:67: SELECT * FROM `erp_org_report`  WHERE (`erp_org_report`.`report_date` = ?) AND (`erp_org_report`.`org_code` = ?)
Info:2019/11/30 15:14:30 db.go:64: sql
Info:2019/11/30 15:14:30 db.go:65: /Users/zhaodeyong/workspace/webroot/go/src/avatarzlreportcenter/models/report/hospitalReportModel.go:52
Info:2019/11/30 15:14:30 db.go:66: 25.01199ms
Info:2019/11/30 15:14:30 db.go:67: SELECT * FROM `erp_org_report`  WHERE (`erp_org_report`.`org_code` = ?) AND (`erp_org_report`.`report_date` = ?)
Info:2019/11/30 15:17:34 db.go:64: sql
Info:2019/11/30 15:17:34 db.go:65: /Users/zhaodeyong/workspace/webroot/go/src/avatarzlreportcenter/models/report/hospitalReportModel.go:52
Info:2019/11/30 15:17:34 db.go:66: 24.304345ms
Info:2019/11/30 15:17:34 db.go:67: SELECT * FROM `erp_org_report`  WHERE (`erp_org_report`.`org_code` = ?) AND (`erp_org_report`.`report_date` = ?)
Info:2019/11/30 15:17:38 db.go:64: sql
Info:2019/11/30 15:17:38 db.go:65: /Users/zhaodeyong/workspace/webroot/go/src/avatarzlreportcenter/models/report/hospitalReportModel.go:52
Info:2019/11/30 15:17:38 db.go:66: 24.1467ms
Info:2019/11/30 15:17:38 db.go:67: SELECT * FROM `erp_org_report`  WHERE (`erp_org_report`.`report_date` = ?) AND (`erp_org_report`.`org_code` = ?)
Info:2019/11/30 15:18:04 db.go:64: sql
Info:2019/11/30 15:18:04 db.go:65: /Users/zhaodeyong/workspace/webroot/go/src/avatarzlreportcenter/models/report/hospitalReportModel.go:52
Info:2019/11/30 15:18:04 db.go:66: 19.177037ms
Info:2019/11/30 15:18:04 db.go:67: SELECT * FROM `erp_org_report`  WHERE (`erp_org_report`.`org_code` = ?) AND (`erp_org_report`.`report_date` = ?)
Info:2019/11/30 15:18:32 db.go:64: sql
Info:2019/11/30 15:18:32 db.go:65: /Users/zhaodeyong/workspace/webroot/go/src/avatarzlreportcenter/models/report/hospitalReportModel.go:52
Info:2019/11/30 15:18:32 db.go:66: 28.279041ms
Info:2019/11/30 15:18:32 db.go:67: SELECT * FROM `erp_org_report`  WHERE (`erp_org_report`.`org_code` = ?) AND (`erp_org_report`.`report_date` = ?)
Info:2019/11/30 15:18:42 db.go:64: sql
Info:2019/11/30 15:18:42 db.go:65: /Users/zhaodeyong/workspace/webroot/go/src/avatarzlreportcenter/models/report/hospitalReportModel.go:52
Info:2019/11/30 15:18:42 db.go:66: 23.633653ms
Info:2019/11/30 15:18:42 db.go:67: SELECT * FROM `erp_org_report`  WHERE (`erp_org_report`.`org_code` = ?) AND (`erp_org_report`.`report_date` = ?)
