Info:2019/11/20 13:53:23 db.go:68: [log /Users/zhaodeyong/workspace/webroot/go/src/avatarzlreportcenter/models/report/hospitalReportModel.go:53 Error 1054: Unknown column 'erp_org_report.report_ate' in 'where clause']
Info:2019/11/20 13:53:23 db.go:69: log
Info:2019/11/20 13:53:23 db.go:70: /Users/zhaodeyong/workspace/webroot/go/src/avatarzlreportcenter/models/report/hospitalReportModel.go:53
Info:2019/11/20 13:53:23 db.go:71: Error 1054: Unknown column 'erp_org_report.report_ate' in 'where clause'
Info:2019/11/20 13:53:23 db.go:68: [sql /usr/local/go/src/runtime/panic.go:522 235.32373ms SELECT * FROM `erp_org_report`  WHERE (`erp_org_report`.`org_code` = ?) AND (`erp_org_report`.`report_ate` = ?) LIMIT 10 OFFSET 0 [CX0010 201910] 0]
Info:2019/11/20 13:53:23 db.go:69: sql
Info:2019/11/20 13:53:23 db.go:70: /usr/local/go/src/runtime/panic.go:522
Info:2019/11/20 13:53:23 db.go:71: 235.32373ms
Info:2019/11/20 13:53:23 db.go:72: SELECT * FROM `erp_org_report`  WHERE (`erp_org_report`.`org_code` = ?) AND (`erp_org_report`.`report_ate` = ?) LIMIT 10 OFFSET 0
Info:2019/11/20 13:53:28 db.go:68: [log /Users/zhaodeyong/workspace/webroot/go/src/avatarzlreportcenter/models/report/hospitalReportModel.go:53 Error 1054: Unknown column 'erp_org_report.report_ate' in 'where clause']
Info:2019/11/20 13:53:28 db.go:69: log
Info:2019/11/20 13:53:28 db.go:70: /Users/zhaodeyong/workspace/webroot/go/src/avatarzlreportcenter/models/report/hospitalReportModel.go:53
Info:2019/11/20 13:53:28 db.go:71: Error 1054: Unknown column 'erp_org_report.report_ate' in 'where clause'
Info:2019/11/20 13:53:28 db.go:68: [sql /usr/local/go/src/runtime/panic.go:522 13.339081ms SELECT * FROM `erp_org_report`  WHERE (`erp_org_report`.`org_code` = ?) AND (`erp_org_report`.`report_ate` = ?) LIMIT 10 OFFSET 0 [CX0010 201910] 0]
Info:2019/11/20 13:53:28 db.go:69: sql
Info:2019/11/20 13:53:28 db.go:70: /usr/local/go/src/runtime/panic.go:522
Info:2019/11/20 13:53:28 db.go:71: 13.339081ms
Info:2019/11/20 13:53:28 db.go:72: SELECT * FROM `erp_org_report`  WHERE (`erp_org_report`.`org_code` = ?) AND (`erp_org_report`.`report_ate` = ?) LIMIT 10 OFFSET 0
Info:2019/11/20 13:53:30 db.go:68: [log /Users/zhaodeyong/workspace/webroot/go/src/avatarzlreportcenter/models/report/hospitalReportModel.go:53 Error 1054: Unknown column 'erp_org_report.report_ate' in 'where clause']
Info:2019/11/20 13:53:30 db.go:69: log
Info:2019/11/20 13:53:30 db.go:70: /Users/zhaodeyong/workspace/webroot/go/src/avatarzlreportcenter/models/report/hospitalReportModel.go:53
Info:2019/11/20 13:53:30 db.go:71: Error 1054: Unknown column 'erp_org_report.report_ate' in 'where clause'
Info:2019/11/20 13:53:30 db.go:68: [sql /usr/local/go/src/runtime/panic.go:522 11.173975ms SELECT * FROM `erp_org_report`  WHERE (`erp_org_report`.`org_code` = ?) AND (`erp_org_report`.`report_ate` = ?) LIMIT 10 OFFSET 0 [CX0010 201910] 0]
Info:2019/11/20 13:53:30 db.go:69: sql
Info:2019/11/20 13:53:30 db.go:70: /usr/local/go/src/runtime/panic.go:522
Info:2019/11/20 13:53:30 db.go:71: 11.173975ms
Info:2019/11/20 13:53:30 db.go:72: SELECT * FROM `erp_org_report`  WHERE (`erp_org_report`.`org_code` = ?) AND (`erp_org_report`.`report_ate` = ?) LIMIT 10 OFFSET 0
Info:2019/11/20 13:55:44 db.go:64: sql
Info:2019/11/20 13:55:44 db.go:65: /usr/local/go/src/runtime/panic.go:522
Info:2019/11/20 13:55:44 db.go:66: 15.073823ms
Info:2019/11/20 13:55:44 db.go:67: SELECT * FROM `erp_org_report`  WHERE (`erp_org_report`.`org_code` = ?) AND (`erp_org_report`.`report_ate` = ?) LIMIT 10 OFFSET 0
